extraCredit: 0
fatalError: false
maxExtraCredit: 0
maxTotalPoints: 6
messages: []
mode: auto
parts:
- description: ''
  extraCredit: false
  maxPoints: 3
  maxSeconds: 5
  messages: []
  name: 1a-1-hidden
  points: 0
  seconds: 0
- description: ''
  extraCredit: false
  maxPoints: 3
  maxSeconds: 5
  messages: []
  name: 1b-1-hidden
  points: 0
  seconds: 0
- description: ''
  extraCredit: true
  maxPoints: -1
  maxSeconds: 5
  messages: []
  name: 1b-2-hidden
  points: 0
  seconds: 0
- description: ''
  extraCredit: false
  maxPoints: 1
  maxSeconds: 5
  messages: []
  name: 2a-0-basic
  points: 1
  seconds: 0
- description: ''
  extraCredit: false
  maxPoints: 3
  maxSeconds: 5
  messages: []
  name: 2a-1-hidden
  points: 0
  seconds: 0
- description: ''
  extraCredit: false
  maxPoints: 1
  maxSeconds: 5
  messages: []
  name: 2b-0-basic
  points: 1
  seconds: 0
- description: ''
  extraCredit: false
  maxPoints: 2
  maxSeconds: 5
  messages: []
  name: 2b-1-hidden
  points: 0
  seconds: 0
- description: ''
  extraCredit: false
  maxPoints: 1
  maxSeconds: 5
  messages: []
  name: 2c-0-basic
  points: 1
  seconds: 0
- description: ''
  extraCredit: false
  maxPoints: 3
  maxSeconds: 5
  messages: []
  name: 2c-1-hidden
  points: 0
  seconds: 0
- description: ''
  extraCredit: false
  maxPoints: 3
  maxSeconds: 5
  messages: []
  name: 2c-2-hidden
  points: 0
  seconds: 0
- description: ''
  extraCredit: false
  maxPoints: 1
  maxSeconds: 5
  messages: []
  name: 2d-0-basic
  points: 1
  seconds: 0
- description: ''
  extraCredit: false
  maxPoints: 1
  maxSeconds: 5
  messages: []
  name: 2d-1-hidden
  points: 0
  seconds: 0
- description: ''
  extraCredit: false
  maxPoints: 1
  maxSeconds: 5
  messages: []
  name: 2e-0-basic
  points: 1
  seconds: 0
- description: ''
  extraCredit: false
  maxPoints: 1
  maxSeconds: 5
  messages: []
  name: 2e-1-hidden
  points: 0
  seconds: 0
- description: ''
  extraCredit: false
  maxPoints: 1
  maxSeconds: 5
  messages: []
  name: 2f-0-basic
  points: 1
  seconds: 0
- description: ''
  extraCredit: false
  maxPoints: 1
  maxSeconds: 5
  messages: []
  name: 2f-1-hidden
  points: 0
  seconds: 0
- description: ''
  extraCredit: false
  maxPoints: 1
  maxSeconds: 5
  messages: []
  name: 2f-2-hidden
  points: 0
  seconds: 0
totalPoints: 6
